build/app/intermediates/manifest_merge_blame_file/release/manifest-merger-blame-release-report.txt
1<?xml version="1.0" encoding="utf-8"?>
2<manifest xmlns:android="http://schemas.android.com/apk/res/android"
3    package="industries.astorga.bikehappy"
4    android:versionCode="1"
5    android:versionName="1.0.0" >
6
7    <uses-sdk
8        android:minSdkVersion="21"
8-->src/main/AndroidManifest.xml
9        android:targetSdkVersion="28" />
9-->src/main/AndroidManifest.xml
10
11    <!--
12         io.flutter.app.FlutterApplication is an android.app.Application that
13         calls FlutterMain.startInitialization(this); in its onCreate method.
14         In most cases you can leave this as-is, but you if you want to provide
15         additional functionality it is fine to subclass or reimplement
16         FlutterApplication and put your custom class here.
17    -->
18    <uses-permission android:name="android.permission.INTERNET" />
18-->src/main/AndroidManifest.xml:9:5-66
18-->src/main/AndroidManifest.xml:9:22-64
19    <!-- Although the *SdkVersion is captured in gradle build files, this is required for non gradle builds -->
20    <!-- <uses-sdk android:minSdkVersion="14" /> -->
21    <uses-permission android:name="android.permission.ACCESS_NETWORK_STATE" />
21-->[com.google.firebase:firebase-firestore:19.0.0] AndroidManifest.xml:13:5-79
21-->[com.google.firebase:firebase-firestore:19.0.0] AndroidManifest.xml:13:22-76
22
23    <uses-feature
23-->[com.google.android.gms:play-services-maps:17.0.0] AndroidManifest.xml:26:5-28:35
24        android:glEsVersion="0x00020000"
24-->[com.google.android.gms:play-services-maps:17.0.0] AndroidManifest.xml:27:9-41
25        android:required="true" />
25-->[com.google.android.gms:play-services-maps:17.0.0] AndroidManifest.xml:28:9-32
26
27    <uses-permission android:name="android.permission.WAKE_LOCK" /> <!-- Required by older versions of Google Play services to create IID tokens -->
27-->[com.google.android.gms:play-services-measurement-api:16.5.0] AndroidManifest.xml:24:5-68
27-->[com.google.android.gms:play-services-measurement-api:16.5.0] AndroidManifest.xml:24:22-65
28    <uses-permission android:name="com.google.android.c2dm.permission.RECEIVE" />
28-->[com.google.firebase:firebase-iid:17.1.2] AndroidManifest.xml:26:5-82
28-->[com.google.firebase:firebase-iid:17.1.2] AndroidManifest.xml:26:22-79
29    <uses-permission android:name="com.google.android.finsky.permission.BIND_GET_INSTALL_REFERRER_SERVICE" />
29-->[com.google.android.gms:play-services-measurement:16.5.0] AndroidManifest.xml:26:5-110
29-->[com.google.android.gms:play-services-measurement:16.5.0] AndroidManifest.xml:26:22-107
30
31    <application
31-->src/main/AndroidManifest.xml:11:5-37:19
32        android:name="io.flutter.app.FlutterApplication"
32-->src/main/AndroidManifest.xml:12:9-57
33        android:appComponentFactory="androidx.core.app.CoreComponentFactory"
33-->[androidx.core:core:1.0.0] AndroidManifest.xml:22:18-86
34        android:icon="@mipmap/icon"
34-->src/main/AndroidManifest.xml:14:9-36
35        android:label="BikeHappy" >
35-->src/main/AndroidManifest.xml:13:9-34
36        <activity
36-->src/main/AndroidManifest.xml:15:9-33:20
37            android:name="industries.astorga.bikehappy.MainActivity"
37-->src/main/AndroidManifest.xml:16:13-41
38            android:configChanges="orientation|keyboardHidden|keyboard|screenSize|locale|layoutDirection|fontScale|screenLayout|density|uiMode"
38-->src/main/AndroidManifest.xml:19:13-144
39            android:hardwareAccelerated="true"
39-->src/main/AndroidManifest.xml:20:13-47
40            android:launchMode="singleTop"
40-->src/main/AndroidManifest.xml:17:13-43
41            android:theme="@style/LaunchTheme"
41-->src/main/AndroidManifest.xml:18:13-47
42            android:windowSoftInputMode="adjustResize" >
42-->src/main/AndroidManifest.xml:21:13-55
43
44            <!--
45                 This keeps the window background of the activity showing
46                 until Flutter renders its first frame. It can be removed if
47                 there is no splash screen (such as the default splash screen
48                 defined in @style/LaunchTheme).
49            -->
50            <meta-data
50-->src/main/AndroidManifest.xml:26:13-28:40
51                android:name="io.flutter.app.android.SplashScreenUntilFirstFrame"
51-->src/main/AndroidManifest.xml:27:17-82
52                android:value="true" />
52-->src/main/AndroidManifest.xml:28:17-37
53
54            <intent-filter>
54-->src/main/AndroidManifest.xml:29:13-32:29
55                <action android:name="android.intent.action.MAIN" />
55-->src/main/AndroidManifest.xml:30:17-68
55-->src/main/AndroidManifest.xml:30:25-66
56
57                <category android:name="android.intent.category.LAUNCHER" />
57-->src/main/AndroidManifest.xml:31:17-76
57-->src/main/AndroidManifest.xml:31:27-74
58            </intent-filter>
59        </activity>
60
61        <meta-data
61-->src/main/AndroidManifest.xml:34:9-35:70
62            android:name="com.google.android.geo.API_KEY"
62-->src/main/AndroidManifest.xml:34:20-65
63            android:value="AIzaSyAzHRerCxZiNmLiQldfDixfx5qiDY9H_Mo" />
63-->src/main/AndroidManifest.xml:35:13-68
64
65        <service
65-->[:firebase_auth] AndroidManifest.xml:8:9-12:19
66            android:name="com.google.firebase.components.ComponentDiscoveryService"
66-->[:firebase_auth] AndroidManifest.xml:8:18-89
67            android:exported="false" >
67-->[com.google.firebase:firebase-auth:17.0.0] AndroidManifest.xml:35:13-37
68            <meta-data
68-->[:firebase_auth] AndroidManifest.xml:9:13-11:85
69                android:name="com.google.firebase.components:io.flutter.plugins.firebaseauth.FlutterFirebaseAppRegistrar"
69-->[:firebase_auth] AndroidManifest.xml:10:17-122
70                android:value="com.google.firebase.components.ComponentRegistrar" />
70-->[:firebase_auth] AndroidManifest.xml:11:17-82
71            <meta-data
71-->[:cloud_firestore] AndroidManifest.xml:9:13-11:85
72                android:name="com.google.firebase.components:io.flutter.plugins.firebase.cloudfirestore.FlutterFirebaseAppRegistrar"
72-->[:cloud_firestore] AndroidManifest.xml:10:17-133
73                android:value="com.google.firebase.components.ComponentRegistrar" />
73-->[:cloud_firestore] AndroidManifest.xml:11:17-82
74            <meta-data
74-->[:firebase_core] AndroidManifest.xml:9:13-11:85
75                android:name="com.google.firebase.components:io.flutter.plugins.firebase.core.FlutterFirebaseAppRegistrar"
75-->[:firebase_core] AndroidManifest.xml:10:17-123
76                android:value="com.google.firebase.components.ComponentRegistrar" />
76-->[:firebase_core] AndroidManifest.xml:11:17-82
77            <meta-data
77-->[com.google.firebase:firebase-auth:17.0.0] AndroidManifest.xml:36:13-38:85
78                android:name="com.google.firebase.components:com.google.firebase.auth.FirebaseAuthRegistrar"
78-->[com.google.firebase:firebase-auth:17.0.0] AndroidManifest.xml:37:17-109
79                android:value="com.google.firebase.components.ComponentRegistrar" />
79-->[com.google.firebase:firebase-auth:17.0.0] AndroidManifest.xml:38:17-82
80            <meta-data
80-->[com.google.firebase:firebase-firestore:19.0.0] AndroidManifest.xml:18:13-20:85
81                android:name="com.google.firebase.components:com.google.firebase.firestore.FirestoreRegistrar"
81-->[com.google.firebase:firebase-firestore:19.0.0] AndroidManifest.xml:19:17-111
82                android:value="com.google.firebase.components.ComponentRegistrar" />
82-->[com.google.firebase:firebase-firestore:19.0.0] AndroidManifest.xml:20:17-82
83            <meta-data
83-->[com.google.android.gms:play-services-measurement-api:16.5.0] AndroidManifest.xml:30:13-32:85
84                android:name="com.google.firebase.components:com.google.firebase.analytics.connector.internal.AnalyticsConnectorRegistrar"
84-->[com.google.android.gms:play-services-measurement-api:16.5.0] AndroidManifest.xml:31:17-139
85                android:value="com.google.firebase.components.ComponentRegistrar" />
85-->[com.google.android.gms:play-services-measurement-api:16.5.0] AndroidManifest.xml:32:17-82
86            <meta-data
86-->[com.google.firebase:firebase-iid:17.1.2] AndroidManifest.xml:32:13-34:85
87                android:name="com.google.firebase.components:com.google.firebase.iid.Registrar"
87-->[com.google.firebase:firebase-iid:17.1.2] AndroidManifest.xml:33:17-96
88                android:value="com.google.firebase.components.ComponentRegistrar" />
88-->[com.google.firebase:firebase-iid:17.1.2] AndroidManifest.xml:34:17-82
89        </service>
90
91        <activity
91-->[com.google.firebase:firebase-auth:17.0.0] AndroidManifest.xml:24:9-31:50
92            android:name="com.google.firebase.auth.internal.FederatedSignInActivity"
92-->[com.google.firebase:firebase-auth:17.0.0] AndroidManifest.xml:25:13-85
93            android:excludeFromRecents="true"
93-->[com.google.firebase:firebase-auth:17.0.0] AndroidManifest.xml:26:13-46
94            android:exported="true"
94-->[com.google.firebase:firebase-auth:17.0.0] AndroidManifest.xml:27:13-36
95            android:launchMode="singleTask"
95-->[com.google.firebase:firebase-auth:17.0.0] AndroidManifest.xml:28:13-44
96            android:permission="com.google.firebase.auth.api.gms.permission.LAUNCH_FEDERATED_SIGN_IN"
96-->[com.google.firebase:firebase-auth:17.0.0] AndroidManifest.xml:29:13-102
97            android:theme="@android:style/Theme.Translucent.NoTitleBar" /> <!-- Needs to be explicitly declared on P+ -->
97-->[com.google.firebase:firebase-auth:17.0.0] AndroidManifest.xml:30:13-72
98        <uses-library
98-->[com.google.android.gms:play-services-maps:17.0.0] AndroidManifest.xml:33:9-35:40
99            android:name="org.apache.http.legacy"
99-->[com.google.android.gms:play-services-maps:17.0.0] AndroidManifest.xml:34:13-50
100            android:required="false" />
100-->[com.google.android.gms:play-services-maps:17.0.0] AndroidManifest.xml:35:13-37
101
102        <receiver
102-->[com.google.firebase:firebase-iid:17.1.2] AndroidManifest.xml:37:9-44:20
103            android:name="com.google.firebase.iid.FirebaseInstanceIdReceiver"
103-->[com.google.firebase:firebase-iid:17.1.2] AndroidManifest.xml:38:13-78
104            android:exported="true"
104-->[com.google.firebase:firebase-iid:17.1.2] AndroidManifest.xml:39:13-36
105            android:permission="com.google.android.c2dm.permission.SEND" >
105-->[com.google.firebase:firebase-iid:17.1.2] AndroidManifest.xml:40:13-73
106            <intent-filter>
106-->[com.google.firebase:firebase-iid:17.1.2] AndroidManifest.xml:41:13-43:29
107                <action android:name="com.google.android.c2dm.intent.RECEIVE" />
107-->[com.google.firebase:firebase-iid:17.1.2] AndroidManifest.xml:42:17-81
107-->[com.google.firebase:firebase-iid:17.1.2] AndroidManifest.xml:42:25-78
108            </intent-filter>
109        </receiver>
110        <!--
111             FirebaseInstanceIdService performs security checks at runtime,
112             no need for explicit permissions despite exported="true"
113        -->
114        <service
114-->[com.google.firebase:firebase-iid:17.1.2] AndroidManifest.xml:50:9-56:19
115            android:name="com.google.firebase.iid.FirebaseInstanceIdService"
115-->[com.google.firebase:firebase-iid:17.1.2] AndroidManifest.xml:51:13-77
116            android:exported="true" >
116-->[com.google.firebase:firebase-iid:17.1.2] AndroidManifest.xml:52:13-36
117            <intent-filter android:priority="-500" >
117-->[com.google.firebase:firebase-iid:17.1.2] AndroidManifest.xml:53:13-55:29
117-->[com.google.firebase:firebase-iid:17.1.2] AndroidManifest.xml:53:28-51
118                <action android:name="com.google.firebase.INSTANCE_ID_EVENT" />
118-->[com.google.firebase:firebase-iid:17.1.2] AndroidManifest.xml:54:17-80
118-->[com.google.firebase:firebase-iid:17.1.2] AndroidManifest.xml:54:25-77
119            </intent-filter>
120        </service>
121
122        <activity
122-->[com.google.android.gms:play-services-base:17.0.0] AndroidManifest.xml:23:9-26:75
123            android:name="com.google.android.gms.common.api.GoogleApiActivity"
123-->[com.google.android.gms:play-services-base:17.0.0] AndroidManifest.xml:24:13-79
124            android:exported="false"
124-->[com.google.android.gms:play-services-base:17.0.0] AndroidManifest.xml:25:13-37
125            android:theme="@android:style/Theme.Translucent.NoTitleBar" />
125-->[com.google.android.gms:play-services-base:17.0.0] AndroidManifest.xml:26:13-72
126
127        <provider
127-->[com.google.firebase:firebase-common:17.0.0] AndroidManifest.xml:12:9-16:39
128            android:name="com.google.firebase.provider.FirebaseInitProvider"
128-->[com.google.firebase:firebase-common:17.0.0] AndroidManifest.xml:13:13-77
129            android:authorities="industries.astorga.bikehappy.firebaseinitprovider"
129-->[com.google.firebase:firebase-common:17.0.0] AndroidManifest.xml:14:13-72
130            android:exported="false"
130-->[com.google.firebase:firebase-common:17.0.0] AndroidManifest.xml:15:13-37
131            android:initOrder="100" />
131-->[com.google.firebase:firebase-common:17.0.0] AndroidManifest.xml:16:13-36
132
133        <receiver
133-->[com.google.android.gms:play-services-measurement:16.5.0] AndroidManifest.xml:29:9-33:20
134            android:name="com.google.android.gms.measurement.AppMeasurementReceiver"
134-->[com.google.android.gms:play-services-measurement:16.5.0] AndroidManifest.xml:30:13-85
135            android:enabled="true"
135-->[com.google.android.gms:play-services-measurement:16.5.0] AndroidManifest.xml:31:13-35
136            android:exported="false" >
136-->[com.google.android.gms:play-services-measurement:16.5.0] AndroidManifest.xml:32:13-37
137        </receiver>
138        <receiver
138-->[com.google.android.gms:play-services-measurement:16.5.0] AndroidManifest.xml:34:9-42:20
139            android:name="com.google.android.gms.measurement.AppMeasurementInstallReferrerReceiver"
139-->[com.google.android.gms:play-services-measurement:16.5.0] AndroidManifest.xml:35:13-100
140            android:enabled="true"
140-->[com.google.android.gms:play-services-measurement:16.5.0] AndroidManifest.xml:36:13-35
141            android:exported="true"
141-->[com.google.android.gms:play-services-measurement:16.5.0] AndroidManifest.xml:37:13-36
142            android:permission="android.permission.INSTALL_PACKAGES" >
142-->[com.google.android.gms:play-services-measurement:16.5.0] AndroidManifest.xml:38:13-69
143            <intent-filter>
143-->[com.google.android.gms:play-services-measurement:16.5.0] AndroidManifest.xml:39:13-41:29
144                <action android:name="com.android.vending.INSTALL_REFERRER" />
144-->[com.google.android.gms:play-services-measurement:16.5.0] AndroidManifest.xml:40:17-79
144-->[com.google.android.gms:play-services-measurement:16.5.0] AndroidManifest.xml:40:25-76
145            </intent-filter>
146        </receiver>
147
148        <service
148-->[com.google.android.gms:play-services-measurement:16.5.0] AndroidManifest.xml:44:9-47:40
149            android:name="com.google.android.gms.measurement.AppMeasurementService"
149-->[com.google.android.gms:play-services-measurement:16.5.0] AndroidManifest.xml:45:13-84
150            android:enabled="true"
150-->[com.google.android.gms:play-services-measurement:16.5.0] AndroidManifest.xml:46:13-35
151            android:exported="false" />
151-->[com.google.android.gms:play-services-measurement:16.5.0] AndroidManifest.xml:47:13-37
152        <service
152-->[com.google.android.gms:play-services-measurement:16.5.0] AndroidManifest.xml:48:9-52:72
153            android:name="com.google.android.gms.measurement.AppMeasurementJobService"
153-->[com.google.android.gms:play-services-measurement:16.5.0] AndroidManifest.xml:49:13-87
154            android:enabled="true"
154-->[com.google.android.gms:play-services-measurement:16.5.0] AndroidManifest.xml:50:13-35
155            android:exported="false"
155-->[com.google.android.gms:play-services-measurement:16.5.0] AndroidManifest.xml:51:13-37
156            android:permission="android.permission.BIND_JOB_SERVICE" />
156-->[com.google.android.gms:play-services-measurement:16.5.0] AndroidManifest.xml:52:13-69
157
158        <meta-data
158-->[com.google.android.gms:play-services-basement:17.0.0] AndroidManifest.xml:23:9-25:69
159            android:name="com.google.android.gms.version"
159-->[com.google.android.gms:play-services-basement:17.0.0] AndroidManifest.xml:24:13-58
160            android:value="@integer/google_play_services_version" />
160-->[com.google.android.gms:play-services-basement:17.0.0] AndroidManifest.xml:25:13-66
161    </application>
162
163</manifest>